<?xml version="1.0" encoding="UTF-8"?>
<!-- Generated by org.testng.reporters.JUnitReportReporter -->
<testsuite skipped="0" hostname="DESKTOP-L847MOK" name="org.cross.gress" tests="1" failures="0" timestamp="2023-02-25T16:21:17 IST" time="0.181" errors="0">
  <testcase name="tc3" time="0.181" classname="org.cross.gress"/>
  <system-out/>
</testsuite> <!-- org.cross.gress -->
