<?xml version="1.0" encoding="UTF-8"?>
<!-- Generated by org.testng.reporters.JUnitReportReporter -->
<testsuite skipped="0" hostname="DESKTOP-L847MOK" name="org.cross.A" tests="3" failures="0" timestamp="2023-02-25T02:32:52 IST" time="30.395" errors="0">
  <testcase name="TC1" time="19.517" classname="org.cross.A"/>
  <system-out/>
  <testcase name="tc2" time="3.581" classname="org.cross.A"/>
  <system-out/>
  <testcase name="tc3" time="7.297" classname="org.cross.A"/>
  <system-out/>
</testsuite> <!-- org.cross.A -->
