<?xml version="1.0" encoding="UTF-8"?>
<!-- Generated by org.testng.reporters.JUnitReportReporter -->
<testsuite skipped="0" hostname="DESKTOP-L847MOK" name="org.cross.Demo" tests="1" failures="0" timestamp="2023-02-25T15:17:52 IST" time="15.446" errors="0">
  <testcase name="crossLaunch" time="15.446" classname="org.cross.Demo"/>
  <system-out/>
</testsuite> <!-- org.cross.Demo -->
