<?xml version="1.0" encoding="UTF-8"?>
<!-- Generated by org.testng.reporters.JUnitReportReporter -->
<testsuite skipped="0" hostname="DESKTOP-L847MOK" name="org.cross.greens" tests="3" failures="0" timestamp="2023-02-26T00:11:10 IST" time="34.446" errors="0">
  <testcase name="tc2" time="9.764" classname="org.cross.greens"/>
  <system-out/>
  <testcase name="tc2" time="12.191" classname="org.cross.greens"/>
  <system-out/>
  <testcase name="tc2" time="12.491" classname="org.cross.greens"/>
  <system-out/>
</testsuite> <!-- org.cross.greens -->
